{"logTime": "0207/165721", "correlationVector":"wqyDXlw4BA1nM39vtgvAs/.1","action":"SyncServerConnectionManagerRequest", "result":"SYNC_SERVER_OK", "context":{"environment":"Prod_eastasia_prod-s01-034-apac-eastasia", "migrationStage":"NotStarted", "server":"akswtt004000058"}}
{"logTime": "0207/165722", "correlationVector":"4QzFoLRbKFQZHxYyQYCU6M","action":"SyncServerConnectionManagerRequest", "result":"SYNC_SERVER_OK", "context":{"environment":"", "migrationStage":"", "server":""}}
{"logTime": "0207/165722", "correlationVector":"wqyDXlw4BA1nM39vtgvAs/","action":"Initial GetUpdates", "result":"", "context":Reason: NEW_CLIENT. cV=wqyDXlw4BA1nM39vtgvAs/}
{"logTime": "0207/165722", "correlationVector":"wqyDXlw4BA1nM39vtgvAs/.2","action":"GetUpdates Response", "result":"Success", "context":Received 1 update(s). cV=wqyDXlw4BA1nM39vtgvAs/.0;server=akswtt004000058;cloudType=Consumer;environment=Prod_eastasia_prod-s01-034-apac-eastasia;migrationStage=NotStarted}
{"logTime": "0207/165722", "correlationVector":"3Wb0apGIRvrVUpVOOplQo/","action":"Initial GetUpdates", "result":"", "context":Reason: NEWLY_SUPPORTED_DATATYPE. cV=3Wb0apGIRvrVUpVOOplQo/}
{"logTime": "0207/165724", "correlationVector":"3Wb0apGIRvrVUpVOOplQo/.1","action":"SyncServerConnectionManagerRequest", "result":"SYNC_SERVER_OK", "context":{"environment":"Prod_eastasia_prod-s01-034-apac-eastasia", "migrationStage":"NotStarted", "server":"akswtt004000000"}}
{"logTime": "0207/165724", "correlationVector":"3Wb0apGIRvrVUpVOOplQo/.2","action":"GetUpdates Response", "result":"Success", "context":Received 250 update(s). cV=3Wb0apGIRvrVUpVOOplQo/.0;server=akswtt004000000;cloudType=Consumer;environment=Prod_eastasia_prod-s01-034-apac-eastasia;migrationStage=NotStarted Some updates remain.}
{"logTime": "0207/165724", "correlationVector":"63pRhFJD8MKK4tN/BKHvy7","action":"Initial GetUpdates", "result":"", "context":Reason: NEWLY_SUPPORTED_DATATYPE. cV=63pRhFJD8MKK4tN/BKHvy7}
{"logTime": "0207/165724", "correlationVector":"63pRhFJD8MKK4tN/BKHvy7.1","action":"SyncServerConnectionManagerRequest", "result":"SYNC_SERVER_OK", "context":{"environment":"Prod_eastasia_prod-s01-034-apac-eastasia", "migrationStage":"NotStarted", "server":"akswtt00400001d"}}
{"logTime": "0207/165724", "correlationVector":"63pRhFJD8MKK4tN/BKHvy7.2","action":"GetUpdates Response", "result":"Success", "context":Received 50 update(s). cV=63pRhFJD8MKK4tN/BKHvy7.0;server=akswtt00400001d;cloudType=Consumer;environment=Prod_eastasia_prod-s01-034-apac-eastasia;migrationStage=NotStarted}
{"logTime": "0207/165724", "correlationVector":"wA+8NayOHoQvAssmlGvTVz","action":"Initial GetUpdates", "result":"", "context":Reason: NEWLY_SUPPORTED_DATATYPE. cV=wA+8NayOHoQvAssmlGvTVz}
{"logTime": "0207/165724", "correlationVector":"wA+8NayOHoQvAssmlGvTVz.1","action":"SyncServerConnectionManagerRequest", "result":"SYNC_SERVER_OK", "context":{"environment":"Prod_eastasia_prod-s01-034-apac-eastasia", "migrationStage":"NotStarted", "server":"akswtt004000021"}}
{"logTime": "0207/165724", "correlationVector":"wA+8NayOHoQvAssmlGvTVz.2","action":"GetUpdates Response", "result":"Success", "context":Received 72 update(s). cV=wA+8NayOHoQvAssmlGvTVz.0;server=akswtt004000021;cloudType=Consumer;environment=Prod_eastasia_prod-s01-034-apac-eastasia;migrationStage=NotStarted}
{"logTime": "0207/165724", "correlationVector":"49m6rz8p8PVfYW6ERxXt/m","action":"Initial GetUpdates", "result":"", "context":Reason: NEWLY_SUPPORTED_DATATYPE. cV=49m6rz8p8PVfYW6ERxXt/m}
{"logTime": "0207/165725", "correlationVector":"49m6rz8p8PVfYW6ERxXt/m.1","action":"SyncServerConnectionManagerRequest", "result":"SYNC_SERVER_OK", "context":{"environment":"Prod_eastasia_prod-s01-034-apac-eastasia", "migrationStage":"NotStarted", "server":"akswtt004000003"}}
{"logTime": "0207/165725", "correlationVector":"49m6rz8p8PVfYW6ERxXt/m.2","action":"GetUpdates Response", "result":"Success", "context":Received 250 update(s). cV=49m6rz8p8PVfYW6ERxXt/m.0;server=akswtt004000003;cloudType=Consumer;environment=Prod_eastasia_prod-s01-034-apac-eastasia;migrationStage=NotStarted Some updates remain.}
{"logTime": "0207/165725", "correlationVector":"FpOYtvqRXjNStqDGTRYyoV","action":"Initial GetUpdates", "result":"", "context":Reason: NEWLY_SUPPORTED_DATATYPE. cV=FpOYtvqRXjNStqDGTRYyoV}
{"logTime": "0207/165726", "correlationVector":"FpOYtvqRXjNStqDGTRYyoV.1","action":"SyncServerConnectionManagerRequest", "result":"SYNC_SERVER_OK", "context":{"environment":"Prod_eastasia_prod-s01-034-apac-eastasia", "migrationStage":"NotStarted", "server":"akswtt004000021"}}
{"logTime": "0207/165726", "correlationVector":"FpOYtvqRXjNStqDGTRYyoV.2","action":"GetUpdates Response", "result":"Success", "context":Received 250 update(s). cV=FpOYtvqRXjNStqDGTRYyoV.0;server=akswtt004000021;cloudType=Consumer;environment=Prod_eastasia_prod-s01-034-apac-eastasia;migrationStage=NotStarted Some updates remain.}
{"logTime": "0207/165726", "correlationVector":"kwuYUTAiFwVkVdLixyLEZ3","action":"Initial GetUpdates", "result":"", "context":Reason: NEWLY_SUPPORTED_DATATYPE. cV=kwuYUTAiFwVkVdLixyLEZ3}
{"logTime": "0207/165727", "correlationVector":"kwuYUTAiFwVkVdLixyLEZ3.1","action":"SyncServerConnectionManagerRequest", "result":"SYNC_SERVER_OK", "context":{"environment":"Prod_eastasia_prod-s01-034-apac-eastasia", "migrationStage":"NotStarted", "server":"akswtt004000000"}}
{"logTime": "0207/165727", "correlationVector":"kwuYUTAiFwVkVdLixyLEZ3.2","action":"GetUpdates Response", "result":"Success", "context":Received 250 update(s). cV=kwuYUTAiFwVkVdLixyLEZ3.0;server=akswtt004000000;cloudType=Consumer;environment=Prod_eastasia_prod-s01-034-apac-eastasia;migrationStage=NotStarted Some updates remain.}
{"logTime": "0207/165727", "correlationVector":"/0/GVU5HYEoPHJQoNb5bh4","action":"Initial GetUpdates", "result":"", "context":Reason: NEWLY_SUPPORTED_DATATYPE. cV=/0/GVU5HYEoPHJQoNb5bh4}
{"logTime": "0207/165728", "correlationVector":"/0/GVU5HYEoPHJQoNb5bh4.1","action":"SyncServerConnectionManagerRequest", "result":"SYNC_SERVER_OK", "context":{"environment":"Prod_eastasia_prod-s01-034-apac-eastasia", "migrationStage":"NotStarted", "server":"akswtt00400001d"}}
{"logTime": "0207/165728", "correlationVector":"/0/GVU5HYEoPHJQoNb5bh4.2","action":"GetUpdates Response", "result":"Success", "context":Received 250 update(s). cV=/0/GVU5HYEoPHJQoNb5bh4.0;server=akswtt00400001d;cloudType=Consumer;environment=Prod_eastasia_prod-s01-034-apac-eastasia;migrationStage=NotStarted Some updates remain.}
{"logTime": "0207/165728", "correlationVector":"wFeoT81CiL5DZTnMRxU1vm","action":"Initial GetUpdates", "result":"", "context":Reason: NEWLY_SUPPORTED_DATATYPE. cV=wFeoT81CiL5DZTnMRxU1vm}
{"logTime": "0207/165728", "correlationVector":"wFeoT81CiL5DZTnMRxU1vm.1","action":"SyncServerConnectionManagerRequest", "result":"SYNC_SERVER_OK", "context":{"environment":"Prod_eastasia_prod-s01-034-apac-eastasia", "migrationStage":"NotStarted", "server":"akswtt004000021"}}
{"logTime": "0207/165728", "correlationVector":"wFeoT81CiL5DZTnMRxU1vm.2","action":"GetUpdates Response", "result":"Success", "context":Received 250 update(s). cV=wFeoT81CiL5DZTnMRxU1vm.0;server=akswtt004000021;cloudType=Consumer;environment=Prod_eastasia_prod-s01-034-apac-eastasia;migrationStage=NotStarted Some updates remain.}
{"logTime": "0207/165728", "correlationVector":"QIuN5B5th8DGgcGvYa868F","action":"Initial GetUpdates", "result":"", "context":Reason: NEWLY_SUPPORTED_DATATYPE. cV=QIuN5B5th8DGgcGvYa868F}
{"logTime": "0207/165729", "correlationVector":"QIuN5B5th8DGgcGvYa868F.1","action":"SyncServerConnectionManagerRequest", "result":"SYNC_SERVER_OK", "context":{"environment":"Prod_eastasia_prod-s01-034-apac-eastasia", "migrationStage":"NotStarted", "server":"akswtt004000000"}}
{"logTime": "0207/165729", "correlationVector":"QIuN5B5th8DGgcGvYa868F.2","action":"GetUpdates Response", "result":"Success", "context":Received 250 update(s). cV=QIuN5B5th8DGgcGvYa868F.0;server=akswtt004000000;cloudType=Consumer;environment=Prod_eastasia_prod-s01-034-apac-eastasia;migrationStage=NotStarted Some updates remain.}
{"logTime": "0207/165729", "correlationVector":"xtoxFCFWCzhLkqJ90ri8yd","action":"Initial GetUpdates", "result":"", "context":Reason: NEWLY_SUPPORTED_DATATYPE. cV=xtoxFCFWCzhLkqJ90ri8yd}
{"logTime": "0207/165730", "correlationVector":"xtoxFCFWCzhLkqJ90ri8yd.1","action":"SyncServerConnectionManagerRequest", "result":"SYNC_SERVER_OK", "context":{"environment":"Prod_eastasia_prod-s01-034-apac-eastasia", "migrationStage":"NotStarted", "server":"akswtt004000021"}}
{"logTime": "0207/165730", "correlationVector":"xtoxFCFWCzhLkqJ90ri8yd.2","action":"GetUpdates Response", "result":"Success", "context":Received 250 update(s). cV=xtoxFCFWCzhLkqJ90ri8yd.0;server=akswtt004000021;cloudType=Consumer;environment=Prod_eastasia_prod-s01-034-apac-eastasia;migrationStage=NotStarted Some updates remain.}
{"logTime": "0207/165730", "correlationVector":"M6ZfI0s7lJZqaWr9gEdua6","action":"Initial GetUpdates", "result":"", "context":Reason: NEWLY_SUPPORTED_DATATYPE. cV=M6ZfI0s7lJZqaWr9gEdua6}
{"logTime": "0207/165730", "correlationVector":"M6ZfI0s7lJZqaWr9gEdua6.1","action":"SyncServerConnectionManagerRequest", "result":"SYNC_SERVER_OK", "context":{"environment":"Prod_eastasia_prod-s01-034-apac-eastasia", "migrationStage":"NotStarted", "server":"akswtt004000058"}}
{"logTime": "0207/165730", "correlationVector":"M6ZfI0s7lJZqaWr9gEdua6.2","action":"GetUpdates Response", "result":"Success", "context":Received 250 update(s). cV=M6ZfI0s7lJZqaWr9gEdua6.0;server=akswtt004000058;cloudType=Consumer;environment=Prod_eastasia_prod-s01-034-apac-eastasia;migrationStage=NotStarted Some updates remain.}
{"logTime": "0207/165730", "correlationVector":"Z7IV2/Gsx6nMOYQTAMsnOM","action":"Initial GetUpdates", "result":"", "context":Reason: NEWLY_SUPPORTED_DATATYPE. cV=Z7IV2/Gsx6nMOYQTAMsnOM}
{"logTime": "0207/165731", "correlationVector":"Z7IV2/Gsx6nMOYQTAMsnOM.1","action":"SyncServerConnectionManagerRequest", "result":"SYNC_SERVER_OK", "context":{"environment":"Prod_eastasia_prod-s01-034-apac-eastasia", "migrationStage":"NotStarted", "server":"akswtt004000004"}}
{"logTime": "0207/165731", "correlationVector":"Z7IV2/Gsx6nMOYQTAMsnOM.2","action":"GetUpdates Response", "result":"Success", "context":Received 250 update(s). cV=Z7IV2/Gsx6nMOYQTAMsnOM.0;server=akswtt004000004;cloudType=Consumer;environment=Prod_eastasia_prod-s01-034-apac-eastasia;migrationStage=NotStarted Some updates remain.}
{"logTime": "0207/165731", "correlationVector":"NGEwau5878KHn140E5xz0g","action":"Initial GetUpdates", "result":"", "context":Reason: NEWLY_SUPPORTED_DATATYPE. cV=NGEwau5878KHn140E5xz0g}
{"logTime": "0207/165732", "correlationVector":"NGEwau5878KHn140E5xz0g.1","action":"SyncServerConnectionManagerRequest", "result":"SYNC_SERVER_OK", "context":{"environment":"Prod_eastasia_prod-s01-034-apac-eastasia", "migrationStage":"NotStarted", "server":"akswtt004000003"}}
{"logTime": "0207/165732", "correlationVector":"NGEwau5878KHn140E5xz0g.2","action":"GetUpdates Response", "result":"Success", "context":Received 250 update(s). cV=NGEwau5878KHn140E5xz0g.0;server=akswtt004000003;cloudType=Consumer;environment=Prod_eastasia_prod-s01-034-apac-eastasia;migrationStage=NotStarted Some updates remain.}
{"logTime": "0207/165732", "correlationVector":"bjKtx1jL5EGteHzy0km4jl","action":"Initial GetUpdates", "result":"", "context":Reason: NEWLY_SUPPORTED_DATATYPE. cV=bjKtx1jL5EGteHzy0km4jl}
{"logTime": "0207/165733", "correlationVector":"bjKtx1jL5EGteHzy0km4jl.1","action":"SyncServerConnectionManagerRequest", "result":"SYNC_SERVER_OK", "context":{"environment":"Prod_eastasia_prod-s01-034-apac-eastasia", "migrationStage":"NotStarted", "server":"akswtt00400001d"}}
{"logTime": "0207/165733", "correlationVector":"bjKtx1jL5EGteHzy0km4jl.2","action":"GetUpdates", "result":"DeleteReceived", "context":{"id":"37decbd8-4199-441a-897b-962448654bc5", "isDeleted:":"true", "version":"1731789443383"}}
{"logTime": "0207/165733", "correlationVector":"bjKtx1jL5EGteHzy0km4jl.3","action":"GetUpdates", "result":"DeleteReceived", "context":{"id":"22f33eb0-d988-47ef-ada2-05d362a006eb", "isDeleted:":"true", "version":"1731789443384"}}
{"logTime": "0207/165733", "correlationVector":"bjKtx1jL5EGteHzy0km4jl.4","action":"GetUpdates", "result":"DeleteReceived", "context":{"id":"7d5c5983-9611-4b43-84ca-a69eaae6698e", "isDeleted:":"true", "version":"1731789443385"}}
{"logTime": "0207/165733", "correlationVector":"bjKtx1jL5EGteHzy0km4jl.5","action":"GetUpdates", "result":"DeleteReceived", "context":{"id":"98cdb3d2-009a-44d5-904a-f0e9000dfc2b", "isDeleted:":"true", "version":"1734905766004"}}
{"logTime": "0207/165733", "correlationVector":"bjKtx1jL5EGteHzy0km4jl.6","action":"GetUpdates", "result":"DeleteReceived", "context":{"id":"8a7c0c84-6893-41f0-895a-0039cac22fcd", "isDeleted:":"true", "version":"1731193923245"}}
{"logTime": "0207/165733", "correlationVector":"bjKtx1jL5EGteHzy0km4jl.7","action":"GetUpdates", "result":"DeleteReceived", "context":{"id":"ed3b2818-4284-4a0a-bc3b-afe4dbc18fb1", "isDeleted:":"true", "version":"1731276198728"}}
{"logTime": "0207/165733", "correlationVector":"bjKtx1jL5EGteHzy0km4jl.8","action":"GetUpdates", "result":"DeleteReceived", "context":{"id":"3a3e0895-8309-4094-8339-04fee335f2f0", "isDeleted:":"true", "version":"1731366045985"}}
{"logTime": "0207/165733", "correlationVector":"bjKtx1jL5EGteHzy0km4jl.9","action":"GetUpdates", "result":"DeleteReceived", "context":{"id":"977f5b42-9b60-494c-8d40-4cb89add18a1", "isDeleted:":"true", "version":"1731472820617"}}
{"logTime": "0207/165733", "correlationVector":"bjKtx1jL5EGteHzy0km4jl.10","action":"GetUpdates", "result":"DeleteReceived", "context":{"id":"0964b01d-eb73-441d-9284-693564435ee0", "isDeleted:":"true", "version":"1731621807673"}}
{"logTime": "0207/165733", "correlationVector":"bjKtx1jL5EGteHzy0km4jl.11","action":"GetUpdates", "result":"DeleteReceived", "context":{"id":"988ce491-92d7-4ab7-9e99-5b327f0317b2", "isDeleted:":"true", "version":"1731621807674"}}
{"logTime": "0207/165733", "correlationVector":"bjKtx1jL5EGteHzy0km4jl.12","action":"GetUpdates", "result":"DeleteReceived", "context":{"id":"ebbba166-4a03-4544-bc53-3bd684675c1d", "isDeleted:":"true", "version":"1731622252380"}}
{"logTime": "0207/165733", "correlationVector":"bjKtx1jL5EGteHzy0km4jl.13","action":"GetUpdates", "result":"DeleteReceived", "context":{"id":"bcfebc07-ffa2-419e-ba8e-916c2d82b3bb", "isDeleted:":"true", "version":"1731622252382"}}
{"logTime": "0207/165733", "correlationVector":"bjKtx1jL5EGteHzy0km4jl.14","action":"GetUpdates", "result":"DeleteReceived", "context":{"id":"5878fbb5-adcc-4fe4-bc4a-cf5b3f5dbb30", "isDeleted:":"true", "version":"1731811769330"}}
{"logTime": "0207/165733", "correlationVector":"bjKtx1jL5EGteHzy0km4jl.15","action":"GetUpdates", "result":"DeleteReceived", "context":{"id":"0a3327e1-7da1-4792-81ff-01c29288d068", "isDeleted:":"true", "version":"1731811769331"}}
{"logTime": "0207/165733", "correlationVector":"bjKtx1jL5EGteHzy0km4jl.16","action":"GetUpdates", "result":"DeleteReceived", "context":{"id":"2edb5edb-0cc6-4790-b6be-cf6aa2a03755", "isDeleted:":"true", "version":"1731811801822"}}
{"logTime": "0207/165733", "correlationVector":"bjKtx1jL5EGteHzy0km4jl.17","action":"GetUpdates", "result":"DeleteReceived", "context":{"id":"c53f623a-5718-4d2a-8ffa-285f00fccf6b", "isDeleted:":"true", "version":"1731824524362"}}
{"logTime": "0207/165733", "correlationVector":"bjKtx1jL5EGteHzy0km4jl.18","action":"GetUpdates", "result":"DeleteReceived", "context":{"id":"f7dd6ec1-3eb8-453f-af2e-72b4bef7774a", "isDeleted:":"true", "version":"1731882203179"}}
{"logTime": "0207/165733", "correlationVector":"bjKtx1jL5EGteHzy0km4jl.19","action":"GetUpdates", "result":"DeleteReceived", "context":{"id":"18889270-4e3c-4a85-8ce5-dcf44eb049cf", "isDeleted:":"true", "version":"1732273888687"}}
{"logTime": "0207/165733", "correlationVector":"bjKtx1jL5EGteHzy0km4jl.20","action":"GetUpdates", "result":"DeleteReceived", "context":{"id":"9e793296-c84d-4fc2-b727-65a87172cb9e", "isDeleted:":"true", "version":"1732422006139"}}
{"logTime": "0207/165733", "correlationVector":"bjKtx1jL5EGteHzy0km4jl.21","action":"GetUpdates", "result":"DeleteReceived", "context":{"id":"a0dcfe14-1ca4-4888-84f8-00b8eb28eaa5", "isDeleted:":"true", "version":"1732496870176"}}
{"logTime": "0207/165733", "correlationVector":"bjKtx1jL5EGteHzy0km4jl.22","action":"GetUpdates", "result":"DeleteReceived", "context":{"id":"d0b3d822-4416-45c0-8ec9-553694d51e92", "isDeleted:":"true", "version":"1732496870177"}}
{"logTime": "0207/165733", "correlationVector":"bjKtx1jL5EGteHzy0km4jl.23","action":"GetUpdates", "result":"DeleteReceived", "context":{"id":"7c2a0cc1-2f7b-456d-8f06-eb2914e765ef", "isDeleted:":"true", "version":"1732618615364"}}
{"logTime": "0207/165733", "correlationVector":"bjKtx1jL5EGteHzy0km4jl.24","action":"GetUpdates", "result":"DeleteReceived", "context":{"id":"1747eb51-c743-4800-8bcf-fa678b19518b", "isDeleted:":"true", "version":"1732948836550"}}
{"logTime": "0207/165733", "correlationVector":"bjKtx1jL5EGteHzy0km4jl.25","action":"GetUpdates", "result":"DeleteReceived", "context":{"id":"7822c9ce-9bb1-4b3e-884f-b31a5944aaab", "isDeleted:":"true", "version":"1733017607993"}}
{"logTime": "0207/165733", "correlationVector":"bjKtx1jL5EGteHzy0km4jl.26","action":"GetUpdates", "result":"DeleteReceived", "context":{"id":"cffa691a-d234-426c-b50a-da7568ff65fb", "isDeleted:":"true", "version":"1733143082101"}}
{"logTime": "0207/165733", "correlationVector":"bjKtx1jL5EGteHzy0km4jl.27","action":"GetUpdates", "result":"DeleteReceived", "context":{"id":"5e3faa0b-b715-410b-95b1-6451fc428ba6", "isDeleted:":"true", "version":"1733538183338"}}
{"logTime": "0207/165733", "correlationVector":"bjKtx1jL5EGteHzy0km4jl.28","action":"GetUpdates", "result":"DeleteReceived", "context":{"id":"771fc23f-0c84-4545-9c09-b77d7ee4d5e4", "isDeleted:":"true", "version":"1733562756513"}}
{"logTime": "0207/165733", "correlationVector":"bjKtx1jL5EGteHzy0km4jl.29","action":"GetUpdates", "result":"DeleteReceived", "context":{"id":"22fbc86d-d1ef-490b-bd0e-04c69f052190", "isDeleted:":"true", "version":"1733578404474"}}
{"logTime": "0207/165733", "correlationVector":"bjKtx1jL5EGteHzy0km4jl.30","action":"GetUpdates", "result":"DeleteReceived", "context":{"id":"2e36e086-a688-4b7c-91f6-a8571d124493", "isDeleted:":"true", "version":"1733627320230"}}
{"logTime": "0207/165733", "correlationVector":"bjKtx1jL5EGteHzy0km4jl.31","action":"GetUpdates", "result":"DeleteReceived", "context":{"id":"b2cd5ecc-7e73-455e-9b74-42d02fa5541b", "isDeleted:":"true", "version":"1733697817093"}}
{"logTime": "0207/165733", "correlationVector":"bjKtx1jL5EGteHzy0km4jl.32","action":"GetUpdates", "result":"DeleteReceived", "context":{"id":"a06e5701-e4c0-4845-8282-a18de521dc72", "isDeleted:":"true", "version":"1733760011383"}}
{"logTime": "0207/165733", "correlationVector":"bjKtx1jL5EGteHzy0km4jl.33","action":"GetUpdates", "result":"DeleteReceived", "context":{"id":"a0248a40-5a10-4db9-90c3-56873a08398b", "isDeleted:":"true", "version":"1733760011384"}}
{"logTime": "0207/165733", "correlationVector":"bjKtx1jL5EGteHzy0km4jl.34","action":"GetUpdates", "result":"DeleteReceived", "context":{"id":"b78ac023-9c23-46a4-ba76-bdc0440608db", "isDeleted:":"true", "version":"1733760011385"}}
{"logTime": "0207/165733", "correlationVector":"bjKtx1jL5EGteHzy0km4jl.35","action":"GetUpdates", "result":"DeleteReceived", "context":{"id":"e416f9ea-d316-45c1-8188-40ffa4415392", "isDeleted:":"true", "version":"1733760011386"}}
{"logTime": "0207/165733", "correlationVector":"bjKtx1jL5EGteHzy0km4jl.36","action":"GetUpdates", "result":"DeleteReceived", "context":{"id":"18565d8a-d862-4286-9edb-f98923a407a6", "isDeleted:":"true", "version":"1733910516762"}}
{"logTime": "0207/165733", "correlationVector":"bjKtx1jL5EGteHzy0km4jl.37","action":"GetUpdates", "result":"DeleteReceived", "context":{"id":"6a26e860-5c66-4875-a4c8-5b654156c739", "isDeleted:":"true", "version":"1733911954372"}}
{"logTime": "0207/165733", "correlationVector":"bjKtx1jL5EGteHzy0km4jl.38","action":"GetUpdates", "result":"DeleteReceived", "context":{"id":"da48c1b6-87c7-4c37-a108-8c84c0b0399f", "isDeleted:":"true", "version":"1733913933893"}}
{"logTime": "0207/165733", "correlationVector":"bjKtx1jL5EGteHzy0km4jl.39","action":"GetUpdates", "result":"DeleteReceived", "context":{"id":"3ccad055-a457-4e29-bae0-59900f96c12d", "isDeleted:":"true", "version":"1733913933895"}}
{"logTime": "0207/165733", "correlationVector":"bjKtx1jL5EGteHzy0km4jl.40","action":"GetUpdates", "result":"DeleteReceived", "context":{"id":"c3b3702d-c396-4a1a-89b0-e4f1e9adb802", "isDeleted:":"true", "version":"1733913937693"}}
{"logTime": "0207/165733", "correlationVector":"bjKtx1jL5EGteHzy0km4jl.41","action":"GetUpdates", "result":"DeleteReceived", "context":{"id":"20e58605-f327-4229-8f2c-c0309d781eba", "isDeleted:":"true", "version":"1733913937695"}}
{"logTime": "0207/165733", "correlationVector":"bjKtx1jL5EGteHzy0km4jl.42","action":"GetUpdates", "result":"DeleteReceived", "context":{"id":"7e045e37-12f3-4796-88fa-f36ec4496e03", "isDeleted:":"true", "version":"1733956150824"}}
{"logTime": "0207/165733", "correlationVector":"bjKtx1jL5EGteHzy0km4jl.43","action":"GetUpdates", "result":"DeleteReceived", "context":{"id":"d330678e-0b74-48c0-aafb-d21e2400506e", "isDeleted:":"true", "version":"1733958270110"}}
{"logTime": "0207/165733", "correlationVector":"bjKtx1jL5EGteHzy0km4jl.44","action":"GetUpdates", "result":"DeleteReceived", "context":{"id":"570eb234-54eb-4df8-827b-68bfd35465bf", "isDeleted:":"true", "version":"1733959405141"}}
{"logTime": "0207/165733", "correlationVector":"bjKtx1jL5EGteHzy0km4jl.45","action":"GetUpdates", "result":"DeleteReceived", "context":{"id":"9132c4ac-981e-46f8-8433-9782823bd7f0", "isDeleted:":"true", "version":"1733960714440"}}
{"logTime": "0207/165733", "correlationVector":"bjKtx1jL5EGteHzy0km4jl.46","action":"GetUpdates", "result":"DeleteReceived", "context":{"id":"e426a2e9-e40c-4ac9-84ab-1b3c8d4e0804", "isDeleted:":"true", "version":"1733961180029"}}
{"logTime": "0207/165733", "correlationVector":"bjKtx1jL5EGteHzy0km4jl.47","action":"GetUpdates", "result":"DeleteReceived", "context":{"id":"75bfe954-ee68-45f3-994a-a58aa6a5e558", "isDeleted:":"true", "version":"1733961180030"}}
{"logTime": "0207/165733", "correlationVector":"bjKtx1jL5EGteHzy0km4jl.48","action":"GetUpdates", "result":"DeleteReceived", "context":{"id":"abf69461-05fb-4dcc-9270-dd7ad3cb7f3a", "isDeleted:":"true", "version":"1733961180031"}}
{"logTime": "0207/165733", "correlationVector":"bjKtx1jL5EGteHzy0km4jl.49","action":"GetUpdates", "result":"DeleteReceived", "context":{"id":"1383ce08-5e2b-43e5-9277-179b0fb86f54", "isDeleted:":"true", "version":"1733961180032"}}
{"logTime": "0207/165733", "correlationVector":"bjKtx1jL5EGteHzy0km4jl.50","action":"GetUpdates", "result":"DeleteReceived", "context":{"id":"5fe23d2c-a1db-4ddd-b7a2-3f8ee3c4a720", "isDeleted:":"true", "version":"1734005403825"}}
{"logTime": "0207/165733", "correlationVector":"bjKtx1jL5EGteHzy0km4jl.51","action":"GetUpdates", "result":"DeleteReceived", "context":{"id":"874cc204-51e6-4e44-8c35-7e7fe00b7bd5", "isDeleted:":"true", "version":"1734065626478"}}
{"logTime": "0207/165733", "correlationVector":"bjKtx1jL5EGteHzy0km4jl.52","action":"GetUpdates", "result":"DeleteReceived", "context":{"id":"822470c0-f485-45c0-9307-0b577e916107", "isDeleted:":"true", "version":"1734095442918"}}
{"logTime": "0207/165733", "correlationVector":"bjKtx1jL5EGteHzy0km4jl.53","action":"GetUpdates", "result":"DeleteReceived", "context":{"id":"80648e49-e64f-4893-aeab-69ffc927884e", "isDeleted:":"true", "version":"1734095442919"}}
{"logTime": "0207/165733", "correlationVector":"bjKtx1jL5EGteHzy0km4jl.54","action":"GetUpdates", "result":"DeleteReceived", "context":{"id":"68eca960-e102-4bbf-8fb7-c2adf413ef6d", "isDeleted:":"true", "version":"1734175720456"}}
{"logTime": "0207/165733", "correlationVector":"bjKtx1jL5EGteHzy0km4jl.55","action":"GetUpdates", "result":"DeleteReceived", "context":{"id":"fff3aeb2-6935-4203-a70b-9d5988dbabf5", "isDeleted:":"true", "version":"1734190874436"}}
{"logTime": "0207/165733", "correlationVector":"bjKtx1jL5EGteHzy0km4jl.56","action":"GetUpdates", "result":"DeleteReceived", "context":{"id":"d07f420a-21fe-47cb-96a9-3c52098a5e7a", "isDeleted:":"true", "version":"1734190874437"}}
{"logTime": "0207/165733", "correlationVector":"bjKtx1jL5EGteHzy0km4jl.57","action":"GetUpdates", "result":"DeleteReceived", "context":{"id":"b8e0c7b4-ec39-41e5-b76d-14bcd33b0ce1", "isDeleted:":"true", "version":"1734485172970"}}
{"logTime": "0207/165733", "correlationVector":"bjKtx1jL5EGteHzy0km4jl.58","action":"GetUpdates", "result":"DeleteReceived", "context":{"id":"5c46312b-5b52-463d-88a0-a92a3c959d33", "isDeleted:":"true", "version":"1734485172972"}}
{"logTime": "0207/165733", "correlationVector":"bjKtx1jL5EGteHzy0km4jl.59","action":"GetUpdates", "result":"DeleteReceived", "context":{"id":"3e6c4ee4-c2fb-4fac-aabf-59abefb2afca", "isDeleted:":"true", "version":"1734485172973"}}
{"logTime": "0207/165733", "correlationVector":"bjKtx1jL5EGteHzy0km4jl.60","action":"GetUpdates", "result":"DeleteReceived", "context":{"id":"4dc1d436-3c65-4bfd-8c97-b05ad124a387", "isDeleted:":"true", "version":"1734562712327"}}
{"logTime": "0207/165733", "correlationVector":"bjKtx1jL5EGteHzy0km4jl.61","action":"GetUpdates", "result":"DeleteReceived", "context":{"id":"b36521e8-5ad7-42c5-a51a-1f646c19330a", "isDeleted:":"true", "version":"1734590957895"}}
{"logTime": "0207/165733", "correlationVector":"bjKtx1jL5EGteHzy0km4jl.62","action":"GetUpdates", "result":"DeleteReceived", "context":{"id":"5cd7aeb8-235e-47a9-9a9a-c16ac55046f1", "isDeleted:":"true", "version":"1734705869208"}}
{"logTime": "0207/165733", "correlationVector":"bjKtx1jL5EGteHzy0km4jl.63","action":"GetUpdates", "result":"DeleteReceived", "context":{"id":"727d2efc-b3af-43fe-8177-2662c286f266", "isDeleted:":"true", "version":"1734705869209"}}
{"logTime": "0207/165733", "correlationVector":"bjKtx1jL5EGteHzy0km4jl.64","action":"GetUpdates", "result":"DeleteReceived", "context":{"id":"8a62cb0a-e051-421c-86a5-cde543236d7d", "isDeleted:":"true", "version":"1734705869210"}}
{"logTime": "0207/165733", "correlationVector":"bjKtx1jL5EGteHzy0km4jl.65","action":"GetUpdates", "result":"DeleteReceived", "context":{"id":"7e1ecd0e-5250-4c56-9ca3-db084911dd4e", "isDeleted:":"true", "version":"1734905764774"}}
{"logTime": "0207/165733", "correlationVector":"bjKtx1jL5EGteHzy0km4jl.66","action":"GetUpdates", "result":"DeleteReceived", "context":{"id":"94f922c5-1a6d-47d1-b347-7a461805ad13", "isDeleted:":"true", "version":"1735001101276"}}
{"logTime": "0207/165733", "correlationVector":"bjKtx1jL5EGteHzy0km4jl.67","action":"GetUpdates", "result":"DeleteReceived", "context":{"id":"7e9f5004-ad70-40ed-a8c5-b24dd32ff9d2", "isDeleted:":"true", "version":"1735133426356"}}
{"logTime": "0207/165733", "correlationVector":"bjKtx1jL5EGteHzy0km4jl.68","action":"GetUpdates", "result":"DeleteReceived", "context":{"id":"8b18e671-9d01-4f26-8c52-8dcd0376f28e", "isDeleted:":"true", "version":"1735171174717"}}
{"logTime": "0207/165733", "correlationVector":"bjKtx1jL5EGteHzy0km4jl.69","action":"GetUpdates", "result":"DeleteReceived", "context":{"id":"bf6d8082-77fc-4ad0-84f1-18165977b7fc", "isDeleted:":"true", "version":"1735433084929"}}
{"logTime": "0207/165733", "correlationVector":"bjKtx1jL5EGteHzy0km4jl.70","action":"GetUpdates", "result":"DeleteReceived", "context":{"id":"75ba0c7c-a9d5-4734-ac2d-98d453c817ab", "isDeleted:":"true", "version":"1735454434757"}}
{"logTime": "0207/165733", "correlationVector":"bjKtx1jL5EGteHzy0km4jl.71","action":"GetUpdates", "result":"DeleteReceived", "context":{"id":"c3f5294e-2e7a-4311-8c55-067af1f1872a", "isDeleted:":"true", "version":"1735513300399"}}
{"logTime": "0207/165733", "correlationVector":"bjKtx1jL5EGteHzy0km4jl.72","action":"GetUpdates", "result":"DeleteReceived", "context":{"id":"6428188f-456e-44d5-ba89-115d782fd672", "isDeleted:":"true", "version":"1735559624717"}}
{"logTime": "0207/165733", "correlationVector":"bjKtx1jL5EGteHzy0km4jl.73","action":"GetUpdates", "result":"DeleteReceived", "context":{"id":"93ce596e-e274-4a1e-9689-5750774e63ee", "isDeleted:":"true", "version":"1735560410504"}}
{"logTime": "0207/165733", "correlationVector":"bjKtx1jL5EGteHzy0km4jl.74","action":"GetUpdates", "result":"DeleteReceived", "context":{"id":"a39f0fb9-289a-4fae-b556-81865aea92b7", "isDeleted:":"true", "version":"1735611928930"}}
{"logTime": "0207/165733", "correlationVector":"bjKtx1jL5EGteHzy0km4jl.75","action":"GetUpdates", "result":"DeleteReceived", "context":{"id":"76c27426-1498-414a-a900-581658b927bf", "isDeleted:":"true", "version":"1735718691619"}}
{"logTime": "0207/165733", "correlationVector":"bjKtx1jL5EGteHzy0km4jl.76","action":"GetUpdates", "result":"DeleteReceived", "context":{"id":"9c0c598c-854f-48b8-a4eb-e7e6fa94232d", "isDeleted:":"true", "version":"1735742713293"}}
{"logTime": "0207/165733", "correlationVector":"bjKtx1jL5EGteHzy0km4jl.77","action":"GetUpdates", "result":"DeleteReceived", "context":{"id":"5abab999-710c-45c8-916b-1d1c2e3940eb", "isDeleted:":"true", "version":"1735773797613"}}
{"logTime": "0207/165733", "correlationVector":"bjKtx1jL5EGteHzy0km4jl.78","action":"GetUpdates", "result":"DeleteReceived", "context":{"id":"bb206a34-ec99-48c6-b8be-a8b11d99869f", "isDeleted:":"true", "version":"1735797629769"}}
{"logTime": "0207/165733", "correlationVector":"bjKtx1jL5EGteHzy0km4jl.79","action":"GetUpdates", "result":"DeleteReceived", "context":{"id":"5c8a3aa4-852e-4c81-aa4e-4dd30e6adf37", "isDeleted:":"true", "version":"1735820217460"}}
{"logTime": "0207/165733", "correlationVector":"bjKtx1jL5EGteHzy0km4jl.80","action":"GetUpdates", "result":"DeleteReceived", "context":{"id":"8c50e3b7-c6d2-4fbd-965c-04e7aff66ba0", "isDeleted:":"true", "version":"1735820217461"}}
{"logTime": "0207/165733", "correlationVector":"bjKtx1jL5EGteHzy0km4jl.81","action":"GetUpdates", "result":"DeleteReceived", "context":{"id":"0532b2f6-ed69-499b-b9f8-9279f452ae71", "isDeleted:":"true", "version":"1735827184787"}}
{"logTime": "0207/165733", "correlationVector":"bjKtx1jL5EGteHzy0km4jl.82","action":"GetUpdates", "result":"DeleteReceived", "context":{"id":"e942c44d-9a9b-44b0-ad74-7e7c60c7caec", "isDeleted:":"true", "version":"1735858079409"}}
{"logTime": "0207/165733", "correlationVector":"bjKtx1jL5EGteHzy0km4jl.83","action":"GetUpdates", "result":"DeleteReceived", "context":{"id":"91372b66-acbf-451a-a9aa-85341870a1db", "isDeleted:":"true", "version":"1735905423801"}}
{"logTime": "0207/165733", "correlationVector":"bjKtx1jL5EGteHzy0km4jl.84","action":"GetUpdates", "result":"DeleteReceived", "context":{"id":"646257ea-aa1b-4e17-8a98-cebc186bf019", "isDeleted:":"true", "version":"1735976642460"}}
{"logTime": "0207/165733", "correlationVector":"bjKtx1jL5EGteHzy0km4jl.85","action":"GetUpdates", "result":"DeleteReceived", "context":{"id":"3bcd9d06-d7ed-4b64-ad74-bc992f5548e5", "isDeleted:":"true", "version":"1735976642461"}}
{"logTime": "0207/165733", "correlationVector":"bjKtx1jL5EGteHzy0km4jl.86","action":"GetUpdates", "result":"DeleteReceived", "context":{"id":"51bcb27d-b635-4b01-8081-84d25982653b", "isDeleted:":"true", "version":"1736065381647"}}
{"logTime": "0207/165733", "correlationVector":"bjKtx1jL5EGteHzy0km4jl.87","action":"GetUpdates", "result":"DeleteReceived", "context":{"id":"9bbd3096-6aa6-4f5b-b739-442d86d2cefc", "isDeleted:":"true", "version":"1736065381649"}}
{"logTime": "0207/165733", "correlationVector":"bjKtx1jL5EGteHzy0km4jl.88","action":"GetUpdates", "result":"DeleteReceived", "context":{"id":"29585bc0-1e97-4464-b5cb-ef2536936338", "isDeleted:":"true", "version":"1736065381650"}}
{"logTime": "0207/165733", "correlationVector":"bjKtx1jL5EGteHzy0km4jl.89","action":"GetUpdates", "result":"DeleteReceived", "context":{"id":"58094ba5-8dd8-4b7d-972e-1c41a49eb5f5", "isDeleted:":"true", "version":"1736065381651"}}
{"logTime": "0207/165733", "correlationVector":"bjKtx1jL5EGteHzy0km4jl.90","action":"GetUpdates", "result":"DeleteReceived", "context":{"id":"c159e473-d5c5-48aa-8dda-235d48e5f5bb", "isDeleted:":"true", "version":"1736065381652"}}
{"logTime": "0207/165733", "correlationVector":"bjKtx1jL5EGteHzy0km4jl.91","action":"GetUpdates", "result":"DeleteReceived", "context":{"id":"f69ad2af-81ca-47ac-a63d-cfc4308b0b77", "isDeleted:":"true", "version":"1736065381653"}}
{"logTime": "0207/165733", "correlationVector":"bjKtx1jL5EGteHzy0km4jl.92","action":"GetUpdates", "result":"DeleteReceived", "context":{"id":"f02030c1-e17c-4c0e-96fc-ab0eb595f436", "isDeleted:":"true", "version":"1736299622169"}}
{"logTime": "0207/165733", "correlationVector":"bjKtx1jL5EGteHzy0km4jl.93","action":"GetUpdates", "result":"DeleteReceived", "context":{"id":"12d3d0ff-e19c-42f5-8e8f-d41c92c8d956", "isDeleted:":"true", "version":"1736406018652"}}
{"logTime": "0207/165733", "correlationVector":"bjKtx1jL5EGteHzy0km4jl.94","action":"GetUpdates", "result":"DeleteReceived", "context":{"id":"4181893c-45c0-402f-b5d0-4102f18a22e9", "isDeleted:":"true", "version":"1736472216554"}}
{"logTime": "0207/165733", "correlationVector":"bjKtx1jL5EGteHzy0km4jl.95","action":"GetUpdates", "result":"DeleteReceived", "context":{"id":"e2e8dbd6-b8a4-4f40-be50-a49671e911f8", "isDeleted:":"true", "version":"1736504002632"}}
{"logTime": "0207/165733", "correlationVector":"bjKtx1jL5EGteHzy0km4jl.96","action":"GetUpdates", "result":"DeleteReceived", "context":{"id":"b7552af3-59b9-4a84-af1a-9fddb19d9f66", "isDeleted:":"true", "version":"1736508306502"}}
{"logTime": "0207/165733", "correlationVector":"bjKtx1jL5EGteHzy0km4jl.97","action":"GetUpdates", "result":"DeleteReceived", "context":{"id":"7883c73e-d6b0-4c6c-baff-14e40655fa6e", "isDeleted:":"true", "version":"1736585870468"}}
{"logTime": "0207/165733", "correlationVector":"bjKtx1jL5EGteHzy0km4jl.98","action":"GetUpdates", "result":"DeleteReceived", "context":{"id":"b593c693-7318-4c49-ba0b-016b8fb9a533", "isDeleted:":"true", "version":"1736585870469"}}
{"logTime": "0207/165733", "correlationVector":"bjKtx1jL5EGteHzy0km4jl.99","action":"GetUpdates", "result":"DeleteReceived", "context":{"id":"484203a8-2e11-4ec7-a224-b304ccbd3ff6", "isDeleted:":"true", "version":"1736619962162"}}
{"logTime": "0207/165733", "correlationVector":"bjKtx1jL5EGteHzy0km4jl.100","action":"GetUpdates", "result":"DeleteReceived", "context":{"id":"40ea1db1-53b1-4c25-b021-a2e1af2da1d2", "isDeleted:":"true", "version":"1736654483228"}}
{"logTime": "0207/165733", "correlationVector":"bjKtx1jL5EGteHzy0km4jl.101","action":"GetUpdates", "result":"DeleteReceived", "context":{"id":"b4c24dce-ed0e-4795-afe6-320ce8cf4c36", "isDeleted:":"true", "version":"1736676722416"}}
{"logTime": "0207/165733", "correlationVector":"bjKtx1jL5EGteHzy0km4jl.102","action":"GetUpdates", "result":"DeleteReceived", "context":{"id":"88b07727-9d88-48fd-b819-81d85fc00268", "isDeleted:":"true", "version":"1732618615367"}}
{"logTime": "0207/165733", "correlationVector":"bjKtx1jL5EGteHzy0km4jl.103","action":"GetUpdates", "result":"DeleteReceived", "context":{"id":"ac957e0c-497c-4525-b3d8-2ea0f4798dd4", "isDeleted:":"true", "version":"1732618615368"}}
{"logTime": "0207/165733", "correlationVector":"bjKtx1jL5EGteHzy0km4jl.104","action":"GetUpdates", "result":"DeleteReceived", "context":{"id":"84db395b-e873-4425-822a-f7c358fca9af", "isDeleted:":"true", "version":"1732618615369"}}
{"logTime": "0207/165733", "correlationVector":"bjKtx1jL5EGteHzy0km4jl.105","action":"GetUpdates", "result":"DeleteReceived", "context":{"id":"f3af0dcc-7477-4573-bb51-ad63f7a87890", "isDeleted:":"true", "version":"1732618615370"}}
{"logTime": "0207/165733", "correlationVector":"bjKtx1jL5EGteHzy0km4jl.106","action":"GetUpdates", "result":"DeleteReceived", "context":{"id":"2baba094-d5dc-4b34-b4a5-86b8bb2cc8a0", "isDeleted:":"true", "version":"1732618615371"}}
{"logTime": "0207/165733", "correlationVector":"bjKtx1jL5EGteHzy0km4jl.107","action":"GetUpdates", "result":"DeleteReceived", "context":{"id":"a68e87e9-20a9-40e3-83eb-27c7023f1843", "isDeleted:":"true", "version":"1732618615372"}}
{"logTime": "0207/165733", "correlationVector":"bjKtx1jL5EGteHzy0km4jl.108","action":"GetUpdates", "result":"DeleteReceived", "context":{"id":"f162a8ff-a2c3-4414-9d5d-2a50f320ea82", "isDeleted:":"true", "version":"1732618615373"}}
{"logTime": "0207/165733", "correlationVector":"bjKtx1jL5EGteHzy0km4jl.109","action":"GetUpdates", "result":"DeleteReceived", "context":{"id":"6c11f0d3-f335-4706-9440-f5a06c217b4c", "isDeleted:":"true", "version":"1733158011762"}}
{"logTime": "0207/165733", "correlationVector":"bjKtx1jL5EGteHzy0km4jl.110","action":"GetUpdates", "result":"DeleteReceived", "context":{"id":"d088c7ae-800e-4a56-b6b4-69233f004eff", "isDeleted:":"true", "version":"1735560410506"}}
{"logTime": "0207/165733", "correlationVector":"bjKtx1jL5EGteHzy0km4jl.111","action":"GetUpdates Response", "result":"Success", "context":Received 250 update(s). cV=bjKtx1jL5EGteHzy0km4jl.0;server=akswtt00400001d;cloudType=Consumer;environment=Prod_eastasia_prod-s01-034-apac-eastasia;migrationStage=NotStarted Some updates remain.}
{"logTime": "0207/165733", "correlationVector":"Bo5Nc10ih3wXo5tg56FP8L","action":"Initial GetUpdates", "result":"", "context":Reason: NEWLY_SUPPORTED_DATATYPE. cV=Bo5Nc10ih3wXo5tg56FP8L}
{"logTime": "0207/165733", "correlationVector":"Bo5Nc10ih3wXo5tg56FP8L.1","action":"SyncServerConnectionManagerRequest", "result":"SYNC_SERVER_OK", "context":{"environment":"Prod_eastasia_prod-s01-034-apac-eastasia", "migrationStage":"NotStarted", "server":"akswtt00400005h"}}
{"logTime": "0207/165733", "correlationVector":"Bo5Nc10ih3wXo5tg56FP8L.2","action":"GetUpdates", "result":"DeleteReceived", "context":{"id":"af943110-2c19-41e0-aa24-3b69b9dc4d4d", "isDeleted:":"true", "version":"1738747566327"}}
{"logTime": "0207/165733", "correlationVector":"Bo5Nc10ih3wXo5tg56FP8L.3","action":"GetUpdates", "result":"DeleteReceived", "context":{"id":"3c4a30a9-5c90-4660-9970-d7b584104ead", "isDeleted:":"true", "version":"1736762592358"}}
{"logTime": "0207/165733", "correlationVector":"Bo5Nc10ih3wXo5tg56FP8L.4","action":"GetUpdates", "result":"DeleteReceived", "context":{"id":"e7df46e3-ac92-4ce4-988c-007cfdf58e94", "isDeleted:":"true", "version":"1736843494648"}}
{"logTime": "0207/165733", "correlationVector":"Bo5Nc10ih3wXo5tg56FP8L.5","action":"GetUpdates", "result":"DeleteReceived", "context":{"id":"6b2b8c69-c134-4d6a-8a34-37a68523755d", "isDeleted:":"true", "version":"1736862423254"}}
{"logTime": "0207/165733", "correlationVector":"Bo5Nc10ih3wXo5tg56FP8L.6","action":"GetUpdates", "result":"DeleteReceived", "context":{"id":"7265ae61-f8b1-4bbf-97f3-a0f68d44158a", "isDeleted:":"true", "version":"1736917042631"}}
{"logTime": "0207/165733", "correlationVector":"Bo5Nc10ih3wXo5tg56FP8L.7","action":"GetUpdates", "result":"DeleteReceived", "context":{"id":"537ff280-b6b9-4e7a-a6c3-27a4e2ec55e2", "isDeleted:":"true", "version":"1736917882848"}}
{"logTime": "0207/165733", "correlationVector":"Bo5Nc10ih3wXo5tg56FP8L.8","action":"GetUpdates", "result":"DeleteReceived", "context":{"id":"d67910fb-ba25-43eb-a12e-ac7fe6ee75d7", "isDeleted:":"true", "version":"1736991710703"}}
{"logTime": "0207/165733", "correlationVector":"Bo5Nc10ih3wXo5tg56FP8L.9","action":"GetUpdates", "result":"DeleteReceived", "context":{"id":"2616a4ad-021b-4a88-8546-5749e06a8ae0", "isDeleted:":"true", "version":"1736991710704"}}
{"logTime": "0207/165733", "correlationVector":"Bo5Nc10ih3wXo5tg56FP8L.10","action":"GetUpdates", "result":"DeleteReceived", "context":{"id":"65fa7298-9777-4822-8e69-aec516203bec", "isDeleted:":"true", "version":"1736991710705"}}
{"logTime": "0207/165733", "correlationVector":"Bo5Nc10ih3wXo5tg56FP8L.11","action":"GetUpdates", "result":"DeleteReceived", "context":{"id":"bcd9b2a0-b948-4f90-a58e-ef3bc0a53e08", "isDeleted:":"true", "version":"1737011690249"}}
{"logTime": "0207/165733", "correlationVector":"Bo5Nc10ih3wXo5tg56FP8L.12","action":"GetUpdates", "result":"DeleteReceived", "context":{"id":"9d7e04ce-73c7-427d-8d57-195ccb965e38", "isDeleted:":"true", "version":"1737033882205"}}
{"logTime": "0207/165733", "correlationVector":"Bo5Nc10ih3wXo5tg56FP8L.13","action":"GetUpdates", "result":"DeleteReceived", "context":{"id":"215f8a77-c767-436f-af16-8fc63a0ccd14", "isDeleted:":"true", "version":"1737096841024"}}
{"logTime": "0207/165733", "correlationVector":"Bo5Nc10ih3wXo5tg56FP8L.14","action":"GetUpdates", "result":"DeleteReceived", "context":{"id":"4743cbb8-79ac-44c3-845f-d0169ab21dbb", "isDeleted:":"true", "version":"1737126190211"}}
{"logTime": "0207/165733", "correlationVector":"Bo5Nc10ih3wXo5tg56FP8L.15","action":"GetUpdates", "result":"DeleteReceived", "context":{"id":"9cb72ea1-84bd-4746-ad0c-5bad9beb1886", "isDeleted:":"true", "version":"1737128689790"}}
{"logTime": "0207/165733", "correlationVector":"Bo5Nc10ih3wXo5tg56FP8L.16","action":"GetUpdates", "result":"DeleteReceived", "context":{"id":"81945cc0-cea7-45f0-babd-83cfa5539779", "isDeleted:":"true", "version":"1737356030538"}}
{"logTime": "0207/165733", "correlationVector":"Bo5Nc10ih3wXo5tg56FP8L.17","action":"GetUpdates", "result":"DeleteReceived", "context":{"id":"ad5e5bcc-101a-4fbe-a9f5-da56aebe65eb", "isDeleted:":"true", "version":"1737356030539"}}
{"logTime": "0207/165733", "correlationVector":"Bo5Nc10ih3wXo5tg56FP8L.18","action":"GetUpdates", "result":"DeleteReceived", "context":{"id":"89bbdde5-9dd5-4848-91d4-5a0ce90df2c5", "isDeleted:":"true", "version":"1737356030540"}}
{"logTime": "0207/165733", "correlationVector":"Bo5Nc10ih3wXo5tg56FP8L.19","action":"GetUpdates", "result":"DeleteReceived", "context":{"id":"77dec8ee-7778-4c72-9bec-f8da2343e64f", "isDeleted:":"true", "version":"1737389117587"}}
{"logTime": "0207/165733", "correlationVector":"Bo5Nc10ih3wXo5tg56FP8L.20","action":"GetUpdates", "result":"DeleteReceived", "context":{"id":"12ba9e4a-a7ac-43c7-a02a-d12bec49e01e", "isDeleted:":"true", "version":"1737438952565"}}
{"logTime": "0207/165733", "correlationVector":"Bo5Nc10ih3wXo5tg56FP8L.21","action":"GetUpdates", "result":"DeleteReceived", "context":{"id":"ce4d9400-f3f1-41b3-9cac-ce906afd8976", "isDeleted:":"true", "version":"1737523458084"}}
{"logTime": "0207/165733", "correlationVector":"Bo5Nc10ih3wXo5tg56FP8L.22","action":"GetUpdates", "result":"DeleteReceived", "context":{"id":"23979e6f-afe1-432e-bc88-64aa0e06b988", "isDeleted:":"true", "version":"1737546241204"}}
{"logTime": "0207/165733", "correlationVector":"Bo5Nc10ih3wXo5tg56FP8L.23","action":"GetUpdates", "result":"DeleteReceived", "context":{"id":"704ace47-1f5d-44c2-859e-d42847e15ab1", "isDeleted:":"true", "version":"1737546241205"}}
{"logTime": "0207/165733", "correlationVector":"Bo5Nc10ih3wXo5tg56FP8L.24","action":"GetUpdates", "result":"DeleteReceived", "context":{"id":"ed6565be-b088-49ea-ba5d-8bc20b75a368", "isDeleted:":"true", "version":"1737546761525"}}
{"logTime": "0207/165733", "correlationVector":"Bo5Nc10ih3wXo5tg56FP8L.25","action":"GetUpdates", "result":"DeleteReceived", "context":{"id":"d7983a2a-8fa0-4f9b-8b72-a4f6f98e8133", "isDeleted:":"true", "version":"1737556204984"}}
{"logTime": "0207/165733", "correlationVector":"Bo5Nc10ih3wXo5tg56FP8L.26","action":"GetUpdates", "result":"DeleteReceived", "context":{"id":"b8afa2a0-4f4f-4d5b-bb35-9fd44cfdab43", "isDeleted:":"true", "version":"1737597441408"}}
{"logTime": "0207/165733", "correlationVector":"Bo5Nc10ih3wXo5tg56FP8L.27","action":"GetUpdates", "result":"DeleteReceived", "context":{"id":"62f1e8ea-4e9f-4ba9-832d-5f08192f3938", "isDeleted:":"true", "version":"1737633633148"}}
{"logTime": "0207/165733", "correlationVector":"Bo5Nc10ih3wXo5tg56FP8L.28","action":"GetUpdates", "result":"DeleteReceived", "context":{"id":"0bfc8c76-913d-43e2-9d71-71a6e8130828", "isDeleted:":"true", "version":"1737675235445"}}
{"logTime": "0207/165733", "correlationVector":"Bo5Nc10ih3wXo5tg56FP8L.29","action":"GetUpdates", "result":"DeleteReceived", "context":{"id":"d578157b-9214-49b0-afc9-408951f8a8cf", "isDeleted:":"true", "version":"1737712558962"}}
{"logTime": "0207/165733", "correlationVector":"Bo5Nc10ih3wXo5tg56FP8L.30","action":"GetUpdates", "result":"DeleteReceived", "context":{"id":"e054d23a-7c92-4099-b21c-eb8fd870a803", "isDeleted:":"true", "version":"1737728632846"}}
{"logTime": "0207/165733", "correlationVector":"Bo5Nc10ih3wXo5tg56FP8L.31","action":"GetUpdates", "result":"DeleteReceived", "context":{"id":"26af833c-3f3b-4ad4-90bb-508bbb3cc609", "isDeleted:":"true", "version":"1737869199132"}}
{"logTime": "0207/165733", "correlationVector":"Bo5Nc10ih3wXo5tg56FP8L.32","action":"GetUpdates", "result":"DeleteReceived", "context":{"id":"8b7ff849-a28a-448d-89c8-994244f9ec8d", "isDeleted:":"true", "version":"1737883774684"}}
{"logTime": "0207/165733", "correlationVector":"Bo5Nc10ih3wXo5tg56FP8L.33","action":"GetUpdates", "result":"DeleteReceived", "context":{"id":"eac0b73c-d280-4bb1-bf1a-d13fa7c4c59a", "isDeleted:":"true", "version":"1738040041058"}}
{"logTime": "0207/165733", "correlationVector":"Bo5Nc10ih3wXo5tg56FP8L.34","action":"GetUpdates", "result":"DeleteReceived", "context":{"id":"894e4327-a3c2-4db1-8480-784b66f85e60", "isDeleted:":"true", "version":"1738200337342"}}
{"logTime": "0207/165733", "correlationVector":"Bo5Nc10ih3wXo5tg56FP8L.35","action":"GetUpdates", "result":"DeleteReceived", "context":{"id":"a53a8b2a-8d8c-49e4-8bae-598dc0306c0f", "isDeleted:":"true", "version":"1738277226024"}}
{"logTime": "0207/165733", "correlationVector":"Bo5Nc10ih3wXo5tg56FP8L.36","action":"GetUpdates", "result":"DeleteReceived", "context":{"id":"8e059e80-9637-47d1-bb28-2315d4d26aa9", "isDeleted:":"true", "version":"1738389593037"}}
{"logTime": "0207/165733", "correlationVector":"Bo5Nc10ih3wXo5tg56FP8L.37","action":"GetUpdates", "result":"DeleteReceived", "context":{"id":"fa3bdba0-76de-4f9b-a59a-5196e5514393", "isDeleted:":"true", "version":"1738389593039"}}
{"logTime": "0207/165733", "correlationVector":"Bo5Nc10ih3wXo5tg56FP8L.38","action":"GetUpdates", "result":"DeleteReceived", "context":{"id":"94fe59fb-76d3-4a1f-91da-87035c5c24d3", "isDeleted:":"true", "version":"1738421184185"}}
{"logTime": "0207/165733", "correlationVector":"Bo5Nc10ih3wXo5tg56FP8L.39","action":"GetUpdates", "result":"DeleteReceived", "context":{"id":"6a12c0a0-e38e-43de-8096-0c4651749458", "isDeleted:":"true", "version":"1738533615268"}}
{"logTime": "0207/165733", "correlationVector":"Bo5Nc10ih3wXo5tg56FP8L.40","action":"GetUpdates", "result":"DeleteReceived", "context":{"id":"8163327f-e062-4e13-b4a5-784983d5d77c", "isDeleted:":"true", "version":"1738813583414"}}
{"logTime": "0207/165733", "correlationVector":"Bo5Nc10ih3wXo5tg56FP8L.41","action":"GetUpdates", "result":"DeleteReceived", "context":{"id":"3a4902f0-dee3-4602-a738-de58e650459d", "isDeleted:":"true", "version":"1738889453756"}}
{"logTime": "0207/165733", "correlationVector":"Bo5Nc10ih3wXo5tg56FP8L.42","action":"GetUpdates", "result":"DeleteReceived", "context":{"id":"f9d342c0-0b44-4457-820a-0a970bddb39c", "isDeleted:":"true", "version":"1738918246139"}}
{"logTime": "0207/165733", "correlationVector":"Bo5Nc10ih3wXo5tg56FP8L.43","action":"GetUpdates", "result":"DeleteReceived", "context":{"id":"0fa937d7-cbb0-487c-beb4-1b98f0544e62", "isDeleted:":"true", "version":"1738921246538"}}
{"logTime": "0207/165733", "correlationVector":"Bo5Nc10ih3wXo5tg56FP8L.44","action":"GetUpdates", "result":"DeleteReceived", "context":{"id":"7ce3083d-ba9e-4534-af01-40c9e5cf8a37", "isDeleted:":"true", "version":"1738921246539"}}
{"logTime": "0207/165733", "correlationVector":"Bo5Nc10ih3wXo5tg56FP8L.45","action":"GetUpdates", "result":"DeleteReceived", "context":{"id":"06b17c37-e8b0-47ad-b214-10a751ef1457", "isDeleted:":"true", "version":"1738277226029"}}
{"logTime": "0207/165733", "correlationVector":"Bo5Nc10ih3wXo5tg56FP8L.46","action":"GetUpdates Response", "result":"Success", "context":Received 54 update(s). cV=Bo5Nc10ih3wXo5tg56FP8L.0;server=akswtt00400005h;cloudType=Consumer;environment=Prod_eastasia_prod-s01-034-apac-eastasia;migrationStage=NotStarted}
{"logTime": "0207/165733", "correlationVector":"B/VSWQzbVfmF9e7g4S+/KK","action":"Initial GetUpdates", "result":"", "context":Reason: NEWLY_SUPPORTED_DATATYPE. cV=B/VSWQzbVfmF9e7g4S+/KK}
{"logTime": "0207/165734", "correlationVector":"B/VSWQzbVfmF9e7g4S+/KK.1","action":"SyncServerConnectionManagerRequest", "result":"SYNC_SERVER_OK", "context":{"environment":"Prod_eastasia_prod-s01-034-apac-eastasia", "migrationStage":"NotStarted", "server":"akswtt004000058"}}
{"logTime": "0207/165734", "correlationVector":"B/VSWQzbVfmF9e7g4S+/KK.2","action":"GetUpdates Response", "result":"Success", "context":Received 250 update(s). cV=B/VSWQzbVfmF9e7g4S+/KK.0;server=akswtt004000058;cloudType=Consumer;environment=Prod_eastasia_prod-s01-034-apac-eastasia;migrationStage=NotStarted Some updates remain.}
{"logTime": "0207/165734", "correlationVector":"ri+SD8fxDangghjz3VwkRJ","action":"Initial GetUpdates", "result":"", "context":Reason: NEWLY_SUPPORTED_DATATYPE. cV=ri+SD8fxDangghjz3VwkRJ}
{"logTime": "0207/165734", "correlationVector":"ri+SD8fxDangghjz3VwkRJ.1","action":"SyncServerConnectionManagerRequest", "result":"SYNC_SERVER_OK", "context":{"environment":"Prod_eastasia_prod-s01-034-apac-eastasia", "migrationStage":"NotStarted", "server":"akswtt00400001d"}}
{"logTime": "0207/165734", "correlationVector":"ri+SD8fxDangghjz3VwkRJ.2","action":"GetUpdates Response", "result":"Success", "context":Received 116 update(s). cV=ri+SD8fxDangghjz3VwkRJ.0;server=akswtt00400001d;cloudType=Consumer;environment=Prod_eastasia_prod-s01-034-apac-eastasia;migrationStage=NotStarted}
{"logTime": "0207/165734", "correlationVector":"Ax2TM+BGTCqCZ0umU+YXxR","action":"Normal GetUpdate request", "result":"", "context":cV=Ax2TM+BGTCqCZ0umU+YXxR
Nudged types: Bookmarks, Sessions, Device Info, User Consents
Refresh requested types: Bookmarks, Preferences, Passwords, Autofill Profiles, Autofill, Extensions, Sessions, Extension settings, History Delete Directives, Device Info, User Consents, Send Tab To Self, Web Apps, History, Collection, Edge E Drop, Edge Hub App Usage, Edge Tab Group, Edge Wallet, Encryption Keys}
{"logTime": "0207/165734", "correlationVector":"Ax2TM+BGTCqCZ0umU+YXxR.1","action":"SyncServerConnectionManagerRequest", "result":"SYNC_SERVER_OK", "context":{"environment":"Prod_eastasia_prod-s01-034-apac-eastasia", "migrationStage":"NotStarted", "server":"akswtt004000000"}}
{"logTime": "0207/165734", "correlationVector":"Ax2TM+BGTCqCZ0umU+YXxR.2","action":"GetUpdates Response", "result":"Success", "context":Received 0 update(s). cV=Ax2TM+BGTCqCZ0umU+YXxR.0;server=akswtt004000000;cloudType=Consumer;environment=Prod_eastasia_prod-s01-034-apac-eastasia;migrationStage=NotStarted}
{"logTime": "0207/165734", "correlationVector":"FaVD4QwYYrjF4NI1km9mf/","action":"Commit Request", "result":"", "context":Item count: 40
Contributing types: Bookmarks, Device Info}
{"logTime": "0207/165736", "correlationVector":"FaVD4QwYYrjF4NI1km9mf/.1","action":"SyncServerConnectionManagerRequest", "result":"SYNC_SERVER_OK", "context":{"environment":"Prod_eastasia_prod-s01-034-apac-eastasia", "migrationStage":"NotStarted", "server":"akswtt004000004"}}
{"logTime": "0207/165736", "correlationVector":"FaVD4QwYYrjF4NI1km9mf/.2","action":"Commit Response", "result":"Success", "context":Result: Success. cV=FaVD4QwYYrjF4NI1km9mf/.0;server=akswtt004000004;cloudType=Consumer;environment=Prod_eastasia_prod-s01-034-apac-eastasia;migrationStage=NotStarted}
{"logTime": "0207/165736", "correlationVector":"PO4XtwqYQKNIC1TW2Bg2wx","action":"Commit Request", "result":"", "context":Item count: 26
Contributing types: Bookmarks, Sessions, User Consents}
{"logTime": "0207/165738", "correlationVector":"PO4XtwqYQKNIC1TW2Bg2wx.1","action":"SyncServerConnectionManagerRequest", "result":"SYNC_SERVER_OK", "context":{"environment":"Prod_eastasia_prod-s01-034-apac-eastasia", "migrationStage":"NotStarted", "server":"akswtt004000003"}}
{"logTime": "0207/165738", "correlationVector":"PO4XtwqYQKNIC1TW2Bg2wx.2","action":"Commit Response", "result":"Success", "context":Result: Success. cV=PO4XtwqYQKNIC1TW2Bg2wx.0;server=akswtt004000003;cloudType=Consumer;environment=Prod_eastasia_prod-s01-034-apac-eastasia;migrationStage=NotStarted}
{"logTime": "0207/165738", "correlationVector":"mhgVfL/ulJMhNbUfVUbdHv","action":"Commit Request", "result":"", "context":Item count: 1
Contributing types: History}
{"logTime": "0207/165739", "correlationVector":"mhgVfL/ulJMhNbUfVUbdHv.1","action":"SyncServerConnectionManagerRequest", "result":"SYNC_SERVER_OK", "context":{"environment":"Prod_eastasia_prod-s01-034-apac-eastasia", "migrationStage":"NotStarted", "server":"akswtt00400001d"}}
{"logTime": "0207/165739", "correlationVector":"mhgVfL/ulJMhNbUfVUbdHv.2","action":"Commit Response", "result":"Success", "context":Result: Success. cV=mhgVfL/ulJMhNbUfVUbdHv.0;server=akswtt00400001d;cloudType=Consumer;environment=Prod_eastasia_prod-s01-034-apac-eastasia;migrationStage=NotStarted}
{"logTime": "0207/165741", "correlationVector":"pezLXYlaApodxGGPVAp2DQ","action":"Commit Request", "result":"", "context":Item count: 1
Contributing types: Preferences}
{"logTime": "0207/165741", "correlationVector":"pezLXYlaApodxGGPVAp2DQ.1","action":"SyncServerConnectionManagerRequest", "result":"SYNC_SERVER_OK", "context":{"environment":"Prod_eastasia_prod-s01-034-apac-eastasia", "migrationStage":"NotStarted", "server":"akswtt00400004t"}}
{"logTime": "0207/165741", "correlationVector":"pezLXYlaApodxGGPVAp2DQ.2","action":"Commit Response", "result":"Success", "context":Result: Success. cV=pezLXYlaApodxGGPVAp2DQ.0;server=akswtt00400004t;cloudType=Consumer;environment=Prod_eastasia_prod-s01-034-apac-eastasia;migrationStage=NotStarted}
